app/build/intermediates/manifest_merge_blame_file/debug/processDebugMainManifest/manifest-merger-blame-debug-report.txt
1<?xml version="1.0" encoding="utf-8"?>
2<manifest xmlns:android="http://schemas.android.com/apk/res/android"
3    package="com.example.gosama"
4    android:versionCode="1"
5    android:versionName="1.0" >
6
7    <uses-sdk
8        android:minSdkVersion="24"
9        android:targetSdkVersion="35" />
10
11    <!-- Location permissions for Google Maps -->
12    <uses-permission android:name="android.permission.ACCESS_FINE_LOCATION" />
12-->src\main\AndroidManifest.xml:6:5-79
12-->src\main\AndroidManifest.xml:6:22-76
13    <uses-permission android:name="android.permission.ACCESS_COARSE_LOCATION" />
13-->src\main\AndroidManifest.xml:7:5-81
13-->src\main\AndroidManifest.xml:7:22-78
14    <uses-permission android:name="android.permission.INTERNET" />
14-->src\main\AndroidManifest.xml:8:5-67
14-->src\main\AndroidManifest.xml:8:22-64
15    <uses-permission android:name="android.permission.INTERNET" />
15-->src\main\AndroidManifest.xml:8:5-67
15-->src\main\AndroidManifest.xml:8:22-64
16    <uses-permission android:name="android.permission.ACCESS_FINE_LOCATION" />
16-->src\main\AndroidManifest.xml:6:5-79
16-->src\main\AndroidManifest.xml:6:22-76
17    <uses-permission android:name="android.permission.ACCESS_BACKGROUND_LOCATION" />
17-->src\main\AndroidManifest.xml:66:5-85
17-->src\main\AndroidManifest.xml:66:22-82
18    <uses-permission android:name="android.permission.ACCESS_NETWORK_STATE" />
18-->[com.google.firebase:firebase-auth:22.1.0] AndroidManifest.xml:26:5-79
18-->[com.google.firebase:firebase-auth:22.1.0] AndroidManifest.xml:26:22-76
19    <uses-permission android:name="android.permission.ACCESS_WIFI_STATE" />
19-->[com.google.android.libraries.places:places:3.4.0] AndroidManifest.xml:11:5-76
19-->[com.google.android.libraries.places:places:3.4.0] AndroidManifest.xml:11:22-73
20
21    <uses-feature
21-->[com.google.android.gms:play-services-maps:18.2.0] AndroidManifest.xml:26:5-28:35
22        android:glEsVersion="0x00020000"
22-->[com.google.android.gms:play-services-maps:18.2.0] AndroidManifest.xml:27:9-41
23        android:required="true" />
23-->[com.google.android.gms:play-services-maps:18.2.0] AndroidManifest.xml:28:9-32
24
25    <queries>
25-->[com.google.android.gms:play-services-maps:18.2.0] AndroidManifest.xml:30:5-34:15
26
27        <!-- Needs to be explicitly declared on Android R+ -->
28        <package android:name="com.google.android.apps.maps" />
28-->[com.google.android.gms:play-services-maps:18.2.0] AndroidManifest.xml:33:9-64
28-->[com.google.android.gms:play-services-maps:18.2.0] AndroidManifest.xml:33:18-61
29    </queries>
30
31    <uses-permission android:name="android.permission.WAKE_LOCK" />
31-->[com.google.android.gms:play-services-measurement-api:21.3.0] AndroidManifest.xml:24:5-68
31-->[com.google.android.gms:play-services-measurement-api:21.3.0] AndroidManifest.xml:24:22-65
32    <uses-permission android:name="com.google.android.gms.permission.AD_ID" />
32-->[com.google.android.gms:play-services-measurement-api:21.3.0] AndroidManifest.xml:25:5-79
32-->[com.google.android.gms:play-services-measurement-api:21.3.0] AndroidManifest.xml:25:22-76
33    <uses-permission android:name="com.google.android.finsky.permission.BIND_GET_INSTALL_REFERRER_SERVICE" />
33-->[com.google.android.gms:play-services-measurement:21.3.0] AndroidManifest.xml:26:5-110
33-->[com.google.android.gms:play-services-measurement:21.3.0] AndroidManifest.xml:26:22-107
34
35    <permission
35-->[androidx.core:core:1.13.0] AndroidManifest.xml:22:5-24:47
36        android:name="com.example.gosama.DYNAMIC_RECEIVER_NOT_EXPORTED_PERMISSION"
36-->[androidx.core:core:1.13.0] AndroidManifest.xml:23:9-81
37        android:protectionLevel="signature" />
37-->[androidx.core:core:1.13.0] AndroidManifest.xml:24:9-44
38
39    <uses-permission android:name="com.example.gosama.DYNAMIC_RECEIVER_NOT_EXPORTED_PERMISSION" />
39-->[androidx.core:core:1.13.0] AndroidManifest.xml:26:5-97
39-->[androidx.core:core:1.13.0] AndroidManifest.xml:26:22-94
40
41    <application
41-->src\main\AndroidManifest.xml:10:5-63:19
42        android:name="com.example.gosama.GosamaApplication"
42-->src\main\AndroidManifest.xml:11:9-42
43        android:allowBackup="true"
43-->src\main\AndroidManifest.xml:12:9-35
44        android:appComponentFactory="androidx.core.app.CoreComponentFactory"
44-->[androidx.core:core:1.13.0] AndroidManifest.xml:28:18-86
45        android:dataExtractionRules="@xml/data_extraction_rules"
45-->src\main\AndroidManifest.xml:13:9-65
46        android:debuggable="true"
47        android:enableOnBackInvokedCallback="true"
47-->src\main\AndroidManifest.xml:21:9-51
48        android:extractNativeLibs="false"
49        android:fullBackupContent="@xml/backup_rules"
49-->src\main\AndroidManifest.xml:14:9-54
50        android:icon="@mipmap/ic_launcher"
50-->src\main\AndroidManifest.xml:15:9-43
51        android:label="@string/app_name"
51-->src\main\AndroidManifest.xml:16:9-41
52        android:networkSecurityConfig="@xml/network_security_config"
52-->src\main\AndroidManifest.xml:20:9-69
53        android:roundIcon="@mipmap/ic_launcher_round"
53-->src\main\AndroidManifest.xml:17:9-54
54        android:supportsRtl="true"
54-->src\main\AndroidManifest.xml:18:9-35
55        android:testOnly="true"
56        android:theme="@style/Theme.Gosama"
56-->src\main\AndroidManifest.xml:19:9-44
57        android:usesCleartextTraffic="true" >
57-->src\main\AndroidManifest.xml:22:9-44
58
59        <!-- 🔑 Google Maps API Key (loaded from strings.xml or google_maps_api.xml) -->
60        <meta-data
60-->src\main\AndroidManifest.xml:26:9-28:55
61            android:name="com.google.android.geo.API_KEY"
61-->src\main\AndroidManifest.xml:27:13-58
62            android:value="@string/google_maps_key" />
62-->src\main\AndroidManifest.xml:28:13-52
63
64        <activity
64-->src\main\AndroidManifest.xml:30:9-37:20
65            android:name="com.example.gosama.MainActivity"
65-->src\main\AndroidManifest.xml:31:13-41
66            android:exported="true" >
66-->src\main\AndroidManifest.xml:32:13-36
67            <intent-filter>
67-->src\main\AndroidManifest.xml:33:13-36:29
68                <action android:name="android.intent.action.MAIN" />
68-->src\main\AndroidManifest.xml:34:17-69
68-->src\main\AndroidManifest.xml:34:25-66
69
70                <category android:name="android.intent.category.LAUNCHER" />
70-->src\main\AndroidManifest.xml:35:17-77
70-->src\main\AndroidManifest.xml:35:27-74
71            </intent-filter>
72        </activity>
73        <activity
73-->src\main\AndroidManifest.xml:39:9-79
74            android:name="com.example.gosama.RegisterActivity"
74-->src\main\AndroidManifest.xml:39:19-51
75            android:exported="false" />
75-->src\main\AndroidManifest.xml:39:52-76
76        <activity
76-->src\main\AndroidManifest.xml:40:9-75
77            android:name="com.example.gosama.HomeActivity"
77-->src\main\AndroidManifest.xml:40:19-47
78            android:exported="false" />
78-->src\main\AndroidManifest.xml:40:48-72
79        <activity
79-->src\main\AndroidManifest.xml:41:9-78
80            android:name="com.example.gosama.ProfileActivity"
80-->src\main\AndroidManifest.xml:41:19-50
81            android:exported="false" />
81-->src\main\AndroidManifest.xml:41:51-75
82        <activity
82-->src\main\AndroidManifest.xml:42:9-84
83            android:name="com.example.gosama.AssistantChatActivity"
83-->src\main\AndroidManifest.xml:42:19-56
84            android:exported="false" />
84-->src\main\AndroidManifest.xml:42:57-81
85        <activity
85-->src\main\AndroidManifest.xml:43:9-75
86            android:name="com.example.gosama.ChatActivity"
86-->src\main\AndroidManifest.xml:43:19-47
87            android:exported="false" />
87-->src\main\AndroidManifest.xml:43:48-72
88        <activity
88-->src\main\AndroidManifest.xml:44:9-79
89            android:name="com.example.gosama.FindRideActivity"
89-->src\main\AndroidManifest.xml:44:19-51
90            android:exported="false" />
90-->src\main\AndroidManifest.xml:44:52-76
91        <activity
91-->src\main\AndroidManifest.xml:45:9-78
92            android:name="com.example.gosama.RewardsActivity"
92-->src\main\AndroidManifest.xml:45:19-50
93            android:exported="false" />
93-->src\main\AndroidManifest.xml:45:51-75
94        <activity
94-->src\main\AndroidManifest.xml:46:9-83
95            android:name="com.example.gosama.LiveTrackingActivity"
95-->src\main\AndroidManifest.xml:46:19-55
96            android:exported="false" />
96-->src\main\AndroidManifest.xml:46:56-80
97        <activity
97-->src\main\AndroidManifest.xml:47:9-88
98            android:name="com.example.gosama.ScheduledCommutesActivity"
98-->src\main\AndroidManifest.xml:47:19-60
99            android:exported="false" />
99-->src\main\AndroidManifest.xml:47:61-85
100        <activity
100-->src\main\AndroidManifest.xml:48:9-79
101            android:name="com.example.gosama.RateRideActivity"
101-->src\main\AndroidManifest.xml:48:19-51
102            android:exported="false" />
102-->src\main\AndroidManifest.xml:48:52-76
103        <activity
103-->src\main\AndroidManifest.xml:49:9-85
104            android:name="com.example.gosama.ParcelDeliveryActivity"
104-->src\main\AndroidManifest.xml:49:19-57
105            android:exported="false" />
105-->src\main\AndroidManifest.xml:49:58-82
106        <activity
106-->src\main\AndroidManifest.xml:50:9-81
107            android:name="com.example.gosama.RideDetailActivity"
107-->src\main\AndroidManifest.xml:50:19-53
108            android:exported="false" />
108-->src\main\AndroidManifest.xml:50:54-78
109        <activity
109-->src\main\AndroidManifest.xml:51:9-53:40
110            android:name="com.example.gosama.BookingConfirmationActivity"
110-->src\main\AndroidManifest.xml:52:13-56
111            android:exported="false" />
111-->src\main\AndroidManifest.xml:53:13-37
112        <activity
112-->src\main\AndroidManifest.xml:54:9-56:40
113            android:name="com.example.gosama.OfferRideActivity"
113-->src\main\AndroidManifest.xml:55:13-46
114            android:exported="false" />
114-->src\main\AndroidManifest.xml:56:13-37
115        <activity
115-->src\main\AndroidManifest.xml:57:9-59:40
116            android:name="com.example.gosama.PostRideRequestActivity"
116-->src\main\AndroidManifest.xml:58:13-52
117            android:exported="false" />
117-->src\main\AndroidManifest.xml:59:13-37
118        <activity
118-->src\main\AndroidManifest.xml:60:9-62:40
119            android:name="com.example.gosama.ScheduleBookingActivity"
119-->src\main\AndroidManifest.xml:61:13-52
120            android:exported="false" />
120-->src\main\AndroidManifest.xml:62:13-37
121        <activity
121-->[com.google.firebase:firebase-auth:22.1.0] AndroidManifest.xml:29:9-46:20
122            android:name="com.google.firebase.auth.internal.GenericIdpActivity"
122-->[com.google.firebase:firebase-auth:22.1.0] AndroidManifest.xml:30:13-80
123            android:excludeFromRecents="true"
123-->[com.google.firebase:firebase-auth:22.1.0] AndroidManifest.xml:31:13-46
124            android:exported="true"
124-->[com.google.firebase:firebase-auth:22.1.0] AndroidManifest.xml:32:13-36
125            android:launchMode="singleTask"
125-->[com.google.firebase:firebase-auth:22.1.0] AndroidManifest.xml:33:13-44
126            android:theme="@android:style/Theme.Translucent.NoTitleBar" >
126-->[com.google.firebase:firebase-auth:22.1.0] AndroidManifest.xml:34:13-72
127            <intent-filter>
127-->[com.google.firebase:firebase-auth:22.1.0] AndroidManifest.xml:35:13-45:29
128                <action android:name="android.intent.action.VIEW" />
128-->[com.google.firebase:firebase-auth:22.1.0] AndroidManifest.xml:36:17-69
128-->[com.google.firebase:firebase-auth:22.1.0] AndroidManifest.xml:36:25-66
129
130                <category android:name="android.intent.category.DEFAULT" />
130-->[com.google.firebase:firebase-auth:22.1.0] AndroidManifest.xml:38:17-76
130-->[com.google.firebase:firebase-auth:22.1.0] AndroidManifest.xml:38:27-73
131                <category android:name="android.intent.category.BROWSABLE" />
131-->[com.google.firebase:firebase-auth:22.1.0] AndroidManifest.xml:39:17-78
131-->[com.google.firebase:firebase-auth:22.1.0] AndroidManifest.xml:39:27-75
132
133                <data
133-->[com.google.firebase:firebase-auth:22.1.0] AndroidManifest.xml:41:17-44:51
134                    android:host="firebase.auth"
134-->[com.google.firebase:firebase-auth:22.1.0] AndroidManifest.xml:42:21-49
135                    android:path="/"
135-->[com.google.firebase:firebase-auth:22.1.0] AndroidManifest.xml:43:21-37
136                    android:scheme="genericidp" />
136-->[com.google.firebase:firebase-auth:22.1.0] AndroidManifest.xml:44:21-48
137            </intent-filter>
138        </activity>
139        <activity
139-->[com.google.firebase:firebase-auth:22.1.0] AndroidManifest.xml:47:9-64:20
140            android:name="com.google.firebase.auth.internal.RecaptchaActivity"
140-->[com.google.firebase:firebase-auth:22.1.0] AndroidManifest.xml:48:13-79
141            android:excludeFromRecents="true"
141-->[com.google.firebase:firebase-auth:22.1.0] AndroidManifest.xml:49:13-46
142            android:exported="true"
142-->[com.google.firebase:firebase-auth:22.1.0] AndroidManifest.xml:50:13-36
143            android:launchMode="singleTask"
143-->[com.google.firebase:firebase-auth:22.1.0] AndroidManifest.xml:51:13-44
144            android:theme="@android:style/Theme.Translucent.NoTitleBar" >
144-->[com.google.firebase:firebase-auth:22.1.0] AndroidManifest.xml:52:13-72
145            <intent-filter>
145-->[com.google.firebase:firebase-auth:22.1.0] AndroidManifest.xml:53:13-63:29
146                <action android:name="android.intent.action.VIEW" />
146-->[com.google.firebase:firebase-auth:22.1.0] AndroidManifest.xml:36:17-69
146-->[com.google.firebase:firebase-auth:22.1.0] AndroidManifest.xml:36:25-66
147
148                <category android:name="android.intent.category.DEFAULT" />
148-->[com.google.firebase:firebase-auth:22.1.0] AndroidManifest.xml:38:17-76
148-->[com.google.firebase:firebase-auth:22.1.0] AndroidManifest.xml:38:27-73
149                <category android:name="android.intent.category.BROWSABLE" />
149-->[com.google.firebase:firebase-auth:22.1.0] AndroidManifest.xml:39:17-78
149-->[com.google.firebase:firebase-auth:22.1.0] AndroidManifest.xml:39:27-75
150
151                <data
151-->[com.google.firebase:firebase-auth:22.1.0] AndroidManifest.xml:41:17-44:51
152                    android:host="firebase.auth"
152-->[com.google.firebase:firebase-auth:22.1.0] AndroidManifest.xml:42:21-49
153                    android:path="/"
153-->[com.google.firebase:firebase-auth:22.1.0] AndroidManifest.xml:43:21-37
154                    android:scheme="recaptcha" />
154-->[com.google.firebase:firebase-auth:22.1.0] AndroidManifest.xml:44:21-48
155            </intent-filter>
156        </activity>
157
158        <service
158-->[com.google.firebase:firebase-auth:22.1.0] AndroidManifest.xml:66:9-72:19
159            android:name="com.google.firebase.components.ComponentDiscoveryService"
159-->[com.google.firebase:firebase-auth:22.1.0] AndroidManifest.xml:67:13-84
160            android:directBootAware="true"
160-->[com.google.firebase:firebase-common:20.4.2] AndroidManifest.xml:32:13-43
161            android:exported="false" >
161-->[com.google.firebase:firebase-auth:22.1.0] AndroidManifest.xml:68:13-37
162            <meta-data
162-->[com.google.firebase:firebase-auth:22.1.0] AndroidManifest.xml:69:13-71:85
163                android:name="com.google.firebase.components:com.google.firebase.auth.FirebaseAuthRegistrar"
163-->[com.google.firebase:firebase-auth:22.1.0] AndroidManifest.xml:70:17-109
164                android:value="com.google.firebase.components.ComponentRegistrar" />
164-->[com.google.firebase:firebase-auth:22.1.0] AndroidManifest.xml:71:17-82
165            <meta-data
165-->[com.google.firebase:firebase-firestore:24.7.0] AndroidManifest.xml:19:13-21:85
166                android:name="com.google.firebase.components:com.google.firebase.firestore.FirestoreRegistrar"
166-->[com.google.firebase:firebase-firestore:24.7.0] AndroidManifest.xml:20:17-111
167                android:value="com.google.firebase.components.ComponentRegistrar" />
167-->[com.google.firebase:firebase-firestore:24.7.0] AndroidManifest.xml:21:17-82
168            <meta-data
168-->[com.google.firebase:firebase-appcheck-playintegrity:17.0.1] AndroidManifest.xml:27:13-29:85
169                android:name="com.google.firebase.components:com.google.firebase.appcheck.playintegrity.FirebaseAppCheckPlayIntegrityRegistrar"
169-->[com.google.firebase:firebase-appcheck-playintegrity:17.0.1] AndroidManifest.xml:28:17-144
170                android:value="com.google.firebase.components.ComponentRegistrar" />
170-->[com.google.firebase:firebase-appcheck-playintegrity:17.0.1] AndroidManifest.xml:29:17-82
171            <meta-data
171-->[com.google.firebase:firebase-appcheck-debug:17.0.1] AndroidManifest.xml:27:13-29:85
172                android:name="com.google.firebase.components:com.google.firebase.appcheck.debug.FirebaseAppCheckDebugRegistrar"
172-->[com.google.firebase:firebase-appcheck-debug:17.0.1] AndroidManifest.xml:28:17-128
173                android:value="com.google.firebase.components.ComponentRegistrar" />
173-->[com.google.firebase:firebase-appcheck-debug:17.0.1] AndroidManifest.xml:29:17-82
174            <meta-data
174-->[com.google.firebase:firebase-database:20.3.0] AndroidManifest.xml:29:13-31:85
175                android:name="com.google.firebase.components:com.google.firebase.database.FirebaseDatabaseKtxRegistrar"
175-->[com.google.firebase:firebase-database:20.3.0] AndroidManifest.xml:30:17-120
176                android:value="com.google.firebase.components.ComponentRegistrar" />
176-->[com.google.firebase:firebase-database:20.3.0] AndroidManifest.xml:31:17-82
177            <meta-data
177-->[com.google.firebase:firebase-database:20.3.0] AndroidManifest.xml:32:13-34:85
178                android:name="com.google.firebase.components:com.google.firebase.database.DatabaseRegistrar"
178-->[com.google.firebase:firebase-database:20.3.0] AndroidManifest.xml:33:17-109
179                android:value="com.google.firebase.components.ComponentRegistrar" />
179-->[com.google.firebase:firebase-database:20.3.0] AndroidManifest.xml:34:17-82
180            <meta-data
180-->[com.google.firebase:firebase-appcheck:17.0.1] AndroidManifest.xml:27:13-29:85
181                android:name="com.google.firebase.components:com.google.firebase.appcheck.FirebaseAppCheckRegistrar"
181-->[com.google.firebase:firebase-appcheck:17.0.1] AndroidManifest.xml:28:17-117
182                android:value="com.google.firebase.components.ComponentRegistrar" />
182-->[com.google.firebase:firebase-appcheck:17.0.1] AndroidManifest.xml:29:17-82
183            <meta-data
183-->[com.google.firebase:firebase-common-ktx:20.4.2] AndroidManifest.xml:12:13-14:85
184                android:name="com.google.firebase.components:com.google.firebase.ktx.FirebaseCommonLegacyRegistrar"
184-->[com.google.firebase:firebase-common-ktx:20.4.2] AndroidManifest.xml:13:17-116
185                android:value="com.google.firebase.components.ComponentRegistrar" />
185-->[com.google.firebase:firebase-common-ktx:20.4.2] AndroidManifest.xml:14:17-82
186            <meta-data
186-->[com.google.android.gms:play-services-measurement-api:21.3.0] AndroidManifest.xml:31:13-33:85
187                android:name="com.google.firebase.components:com.google.firebase.analytics.connector.internal.AnalyticsConnectorRegistrar"
187-->[com.google.android.gms:play-services-measurement-api:21.3.0] AndroidManifest.xml:32:17-139
188                android:value="com.google.firebase.components.ComponentRegistrar" />
188-->[com.google.android.gms:play-services-measurement-api:21.3.0] AndroidManifest.xml:33:17-82
189            <meta-data
189-->[com.google.firebase:firebase-installations:17.1.3] AndroidManifest.xml:17:13-19:85
190                android:name="com.google.firebase.components:com.google.firebase.installations.FirebaseInstallationsRegistrar"
190-->[com.google.firebase:firebase-installations:17.1.3] AndroidManifest.xml:18:17-127
191                android:value="com.google.firebase.components.ComponentRegistrar" />
191-->[com.google.firebase:firebase-installations:17.1.3] AndroidManifest.xml:19:17-82
192            <meta-data
192-->[com.google.firebase:firebase-common:20.4.2] AndroidManifest.xml:35:13-37:85
193                android:name="com.google.firebase.components:com.google.firebase.FirebaseCommonKtxRegistrar"
193-->[com.google.firebase:firebase-common:20.4.2] AndroidManifest.xml:36:17-109
194                android:value="com.google.firebase.components.ComponentRegistrar" />
194-->[com.google.firebase:firebase-common:20.4.2] AndroidManifest.xml:37:17-82
195        </service>
196
197        <activity
197-->[com.google.android.gms:play-services-auth:20.6.0] AndroidManifest.xml:23:9-27:75
198            android:name="com.google.android.gms.auth.api.signin.internal.SignInHubActivity"
198-->[com.google.android.gms:play-services-auth:20.6.0] AndroidManifest.xml:24:13-93
199            android:excludeFromRecents="true"
199-->[com.google.android.gms:play-services-auth:20.6.0] AndroidManifest.xml:25:13-46
200            android:exported="false"
200-->[com.google.android.gms:play-services-auth:20.6.0] AndroidManifest.xml:26:13-37
201            android:theme="@android:style/Theme.Translucent.NoTitleBar" />
201-->[com.google.android.gms:play-services-auth:20.6.0] AndroidManifest.xml:27:13-72
202        <!--
203            Service handling Google Sign-In user revocation. For apps that do not integrate with
204            Google Sign-In, this service will never be started.
205        -->
206        <service
206-->[com.google.android.gms:play-services-auth:20.6.0] AndroidManifest.xml:33:9-37:51
207            android:name="com.google.android.gms.auth.api.signin.RevocationBoundService"
207-->[com.google.android.gms:play-services-auth:20.6.0] AndroidManifest.xml:34:13-89
208            android:exported="true"
208-->[com.google.android.gms:play-services-auth:20.6.0] AndroidManifest.xml:35:13-36
209            android:permission="com.google.android.gms.auth.api.signin.permission.REVOCATION_NOTIFICATION"
209-->[com.google.android.gms:play-services-auth:20.6.0] AndroidManifest.xml:36:13-107
210            android:visibleToInstantApps="true" />
210-->[com.google.android.gms:play-services-auth:20.6.0] AndroidManifest.xml:37:13-48
211
212        <activity
212-->[com.google.android.libraries.places:places:3.4.0] AndroidManifest.xml:15:9-21:20
213            android:name="com.google.android.libraries.places.widget.AutocompleteActivity"
213-->[com.google.android.libraries.places:places:3.4.0] AndroidManifest.xml:16:13-91
214            android:exported="false"
214-->[com.google.android.libraries.places:places:3.4.0] AndroidManifest.xml:17:13-37
215            android:label="@string/places_autocomplete_label"
215-->[com.google.android.libraries.places:places:3.4.0] AndroidManifest.xml:18:13-62
216            android:theme="@style/PlacesAutocompleteOverlay"
216-->[com.google.android.libraries.places:places:3.4.0] AndroidManifest.xml:19:13-61
217            android:windowSoftInputMode="adjustResize" >
217-->[com.google.android.libraries.places:places:3.4.0] AndroidManifest.xml:20:13-55
218        </activity> <!-- Needs to be explicitly declared on P+ -->
219        <uses-library
219-->[com.google.android.gms:play-services-maps:18.2.0] AndroidManifest.xml:39:9-41:40
220            android:name="org.apache.http.legacy"
220-->[com.google.android.gms:play-services-maps:18.2.0] AndroidManifest.xml:40:13-50
221            android:required="false" />
221-->[com.google.android.gms:play-services-maps:18.2.0] AndroidManifest.xml:41:13-37
222
223        <activity
223-->[com.google.android.gms:play-services-base:18.3.0] AndroidManifest.xml:20:9-22:45
224            android:name="com.google.android.gms.common.api.GoogleApiActivity"
224-->[com.google.android.gms:play-services-base:18.3.0] AndroidManifest.xml:20:19-85
225            android:exported="false"
225-->[com.google.android.gms:play-services-base:18.3.0] AndroidManifest.xml:22:19-43
226            android:theme="@android:style/Theme.Translucent.NoTitleBar" />
226-->[com.google.android.gms:play-services-base:18.3.0] AndroidManifest.xml:21:19-78
227
228        <provider
228-->[com.google.firebase:firebase-common:20.4.2] AndroidManifest.xml:23:9-28:39
229            android:name="com.google.firebase.provider.FirebaseInitProvider"
229-->[com.google.firebase:firebase-common:20.4.2] AndroidManifest.xml:24:13-77
230            android:authorities="com.example.gosama.firebaseinitprovider"
230-->[com.google.firebase:firebase-common:20.4.2] AndroidManifest.xml:25:13-72
231            android:directBootAware="true"
231-->[com.google.firebase:firebase-common:20.4.2] AndroidManifest.xml:26:13-43
232            android:exported="false"
232-->[com.google.firebase:firebase-common:20.4.2] AndroidManifest.xml:27:13-37
233            android:initOrder="100" />
233-->[com.google.firebase:firebase-common:20.4.2] AndroidManifest.xml:28:13-36
234
235        <receiver
235-->[com.google.android.gms:play-services-measurement:21.3.0] AndroidManifest.xml:29:9-33:20
236            android:name="com.google.android.gms.measurement.AppMeasurementReceiver"
236-->[com.google.android.gms:play-services-measurement:21.3.0] AndroidManifest.xml:30:13-85
237            android:enabled="true"
237-->[com.google.android.gms:play-services-measurement:21.3.0] AndroidManifest.xml:31:13-35
238            android:exported="false" >
238-->[com.google.android.gms:play-services-measurement:21.3.0] AndroidManifest.xml:32:13-37
239        </receiver>
240
241        <service
241-->[com.google.android.gms:play-services-measurement:21.3.0] AndroidManifest.xml:35:9-38:40
242            android:name="com.google.android.gms.measurement.AppMeasurementService"
242-->[com.google.android.gms:play-services-measurement:21.3.0] AndroidManifest.xml:36:13-84
243            android:enabled="true"
243-->[com.google.android.gms:play-services-measurement:21.3.0] AndroidManifest.xml:37:13-35
244            android:exported="false" />
244-->[com.google.android.gms:play-services-measurement:21.3.0] AndroidManifest.xml:38:13-37
245        <service
245-->[com.google.android.gms:play-services-measurement:21.3.0] AndroidManifest.xml:39:9-43:72
246            android:name="com.google.android.gms.measurement.AppMeasurementJobService"
246-->[com.google.android.gms:play-services-measurement:21.3.0] AndroidManifest.xml:40:13-87
247            android:enabled="true"
247-->[com.google.android.gms:play-services-measurement:21.3.0] AndroidManifest.xml:41:13-35
248            android:exported="false"
248-->[com.google.android.gms:play-services-measurement:21.3.0] AndroidManifest.xml:42:13-37
249            android:permission="android.permission.BIND_JOB_SERVICE" />
249-->[com.google.android.gms:play-services-measurement:21.3.0] AndroidManifest.xml:43:13-69
250
251        <provider
251-->[androidx.emoji2:emoji2:1.3.0] AndroidManifest.xml:24:9-32:20
252            android:name="androidx.startup.InitializationProvider"
252-->[androidx.emoji2:emoji2:1.3.0] AndroidManifest.xml:25:13-67
253            android:authorities="com.example.gosama.androidx-startup"
253-->[androidx.emoji2:emoji2:1.3.0] AndroidManifest.xml:26:13-68
254            android:exported="false" >
254-->[androidx.emoji2:emoji2:1.3.0] AndroidManifest.xml:27:13-37
255            <meta-data
255-->[androidx.emoji2:emoji2:1.3.0] AndroidManifest.xml:29:13-31:52
256                android:name="androidx.emoji2.text.EmojiCompatInitializer"
256-->[androidx.emoji2:emoji2:1.3.0] AndroidManifest.xml:30:17-75
257                android:value="androidx.startup" />
257-->[androidx.emoji2:emoji2:1.3.0] AndroidManifest.xml:31:17-49
258            <meta-data
258-->[androidx.lifecycle:lifecycle-process:2.6.2] AndroidManifest.xml:29:13-31:52
259                android:name="androidx.lifecycle.ProcessLifecycleInitializer"
259-->[androidx.lifecycle:lifecycle-process:2.6.2] AndroidManifest.xml:30:17-78
260                android:value="androidx.startup" />
260-->[androidx.lifecycle:lifecycle-process:2.6.2] AndroidManifest.xml:31:17-49
261            <meta-data
261-->[androidx.profileinstaller:profileinstaller:1.4.0] AndroidManifest.xml:29:13-31:52
262                android:name="androidx.profileinstaller.ProfileInstallerInitializer"
262-->[androidx.profileinstaller:profileinstaller:1.4.0] AndroidManifest.xml:30:17-85
263                android:value="androidx.startup" />
263-->[androidx.profileinstaller:profileinstaller:1.4.0] AndroidManifest.xml:31:17-49
264        </provider>
265
266        <meta-data
266-->[com.google.android.gms:play-services-basement:18.3.0] AndroidManifest.xml:21:9-23:69
267            android:name="com.google.android.gms.version"
267-->[com.google.android.gms:play-services-basement:18.3.0] AndroidManifest.xml:22:13-58
268            android:value="@integer/google_play_services_version" />
268-->[com.google.android.gms:play-services-basement:18.3.0] AndroidManifest.xml:23:13-66
269
270        <service
270-->[com.google.android.datatransport:transport-backend-cct:3.2.0] AndroidManifest.xml:26:9-32:19
271            android:name="com.google.android.datatransport.runtime.backends.TransportBackendDiscovery"
271-->[com.google.android.datatransport:transport-backend-cct:3.2.0] AndroidManifest.xml:27:13-103
272            android:exported="false" >
272-->[com.google.android.datatransport:transport-backend-cct:3.2.0] AndroidManifest.xml:28:13-37
273            <meta-data
273-->[com.google.android.datatransport:transport-backend-cct:3.2.0] AndroidManifest.xml:29:13-31:39